{"D:\\Associate\\Capstone_Middleware\\TradeX-Middleware\\src\\controller\\ClientController.js": {"path":"D:\\Associate\\Capstone_Middleware\\TradeX-Middleware\\src\\controller\\ClientController.js","statementMap":{"0":{"start":{"line":1,"column":0},"end":{"line":1,"column":39}},"1":{"start":{"line":5,"column":16},"end":{"line":5,"column":34}},"2":{"start":{"line":6,"column":15},"end":{"line":6,"column":31}},"3":{"start":{"line":7,"column":22},"end":{"line":7,"column":57}},"4":{"start":{"line":10,"column":0},"end":{"line":27,"column":3}},"5":{"start":{"line":11,"column":2},"end":{"line":11,"column":43}},"6":{"start":{"line":12,"column":2},"end":{"line":12,"column":42}},"7":{"start":{"line":13,"column":2},"end":{"line":13,"column":47}},"8":{"start":{"line":15,"column":2},"end":{"line":17,"column":3}},"9":{"start":{"line":16,"column":4},"end":{"line":16,"column":80}},"10":{"start":{"line":19,"column":2},"end":{"line":26,"column":3}},"11":{"start":{"line":20,"column":19},"end":{"line":20,"column":66}},"12":{"start":{"line":21,"column":4},"end":{"line":21,"column":45}},"13":{"start":{"line":22,"column":4},"end":{"line":22,"column":21}},"14":{"start":{"line":24,"column":4},"end":{"line":24,"column":49}},"15":{"start":{"line":25,"column":4},"end":{"line":25,"column":49}},"16":{"start":{"line":30,"column":0},"end":{"line":37,"column":3}},"17":{"start":{"line":31,"column":2},"end":{"line":36,"column":3}},"18":{"start":{"line":32,"column":21},"end":{"line":32,"column":59}},"19":{"start":{"line":33,"column":4},"end":{"line":33,"column":23}},"20":{"start":{"line":35,"column":4},"end":{"line":35,"column":49}},"21":{"start":{"line":40,"column":0},"end":{"line":47,"column":3}},"22":{"start":{"line":41,"column":2},"end":{"line":46,"column":3}},"23":{"start":{"line":42,"column":21},"end":{"line":42,"column":56}},"24":{"start":{"line":43,"column":4},"end":{"line":43,"column":23}},"25":{"start":{"line":45,"column":4},"end":{"line":45,"column":49}},"26":{"start":{"line":50,"column":0},"end":{"line":50,"column":24}},"27":{"start":{"line":53,"column":0},"end":{"line":65,"column":3}},"28":{"start":{"line":54,"column":2},"end":{"line":64,"column":3}},"29":{"start":{"line":55,"column":19},"end":{"line":55,"column":73}},"30":{"start":{"line":56,"column":4},"end":{"line":58,"column":5}},"31":{"start":{"line":57,"column":6},"end":{"line":57,"column":65}},"32":{"start":{"line":60,"column":4},"end":{"line":60,"column":27}},"33":{"start":{"line":61,"column":4},"end":{"line":61,"column":21}},"34":{"start":{"line":63,"column":4},"end":{"line":63,"column":49}}},"fnMap":{"0":{"name":"(anonymous_0)","decl":{"start":{"line":10,"column":27},"end":{"line":10,"column":28}},"loc":{"start":{"line":10,"column":47},"end":{"line":27,"column":1}},"line":10},"1":{"name":"(anonymous_1)","decl":{"start":{"line":30,"column":25},"end":{"line":30,"column":26}},"loc":{"start":{"line":30,"column":45},"end":{"line":37,"column":1}},"line":30},"2":{"name":"(anonymous_2)","decl":{"start":{"line":40,"column":22},"end":{"line":40,"column":23}},"loc":{"start":{"line":40,"column":42},"end":{"line":47,"column":1}},"line":40},"3":{"name":"(anonymous_3)","decl":{"start":{"line":53,"column":25},"end":{"line":53,"column":26}},"loc":{"start":{"line":53,"column":45},"end":{"line":65,"column":1}},"line":53}},"branchMap":{"0":{"loc":{"start":{"line":15,"column":2},"end":{"line":17,"column":3}},"type":"if","locations":[{"start":{"line":15,"column":2},"end":{"line":17,"column":3}},{"start":{},"end":{}}],"line":15},"1":{"loc":{"start":{"line":56,"column":4},"end":{"line":58,"column":5}},"type":"if","locations":[{"start":{"line":56,"column":4},"end":{"line":58,"column":5}},{"start":{},"end":{}}],"line":56}},"s":{"0":1,"1":1,"2":1,"3":1,"4":1,"5":2,"6":2,"7":2,"8":2,"9":1,"10":1,"11":1,"12":1,"13":1,"14":0,"15":0,"16":1,"17":1,"18":1,"19":1,"20":0,"21":1,"22":1,"23":1,"24":1,"25":0,"26":1,"27":1,"28":2,"29":2,"30":2,"31":1,"32":1,"33":1,"34":0},"f":{"0":2,"1":1,"2":1,"3":2},"b":{"0":[1,1],"1":[1,1]},"_coverageSchema":"1a1c01bbd47fc00a2c39e90264f33305004495a9","hash":"a90b03da8010b2606c4b356d4bb69bc694dc648e"}
,"D:\\Associate\\Capstone_Middleware\\TradeX-Middleware\\src\\controller\\PortfolioController.js": {"path":"D:\\Associate\\Capstone_Middleware\\TradeX-Middleware\\src\\controller\\PortfolioController.js","statementMap":{"0":{"start":{"line":2,"column":16},"end":{"line":2,"column":34}},"1":{"start":{"line":3,"column":15},"end":{"line":3,"column":31}},"2":{"start":{"line":4,"column":25},"end":{"line":4,"column":63}},"3":{"start":{"line":6,"column":0},"end":{"line":6,"column":42}},"4":{"start":{"line":9,"column":0},"end":{"line":19,"column":3}},"5":{"start":{"line":10,"column":4},"end":{"line":10,"column":55}},"6":{"start":{"line":12,"column":4},"end":{"line":18,"column":5}},"7":{"start":{"line":13,"column":26},"end":{"line":13,"column":82}},"8":{"start":{"line":14,"column":8},"end":{"line":14,"column":28}},"9":{"start":{"line":16,"column":8},"end":{"line":16,"column":51}},"10":{"start":{"line":17,"column":8},"end":{"line":17,"column":53}},"11":{"start":{"line":21,"column":0},"end":{"line":21,"column":24}}},"fnMap":{"0":{"name":"(anonymous_0)","decl":{"start":{"line":9,"column":25},"end":{"line":9,"column":26}},"loc":{"start":{"line":9,"column":45},"end":{"line":19,"column":1}},"line":9}},"branchMap":{},"s":{"0":1,"1":1,"2":1,"3":1,"4":1,"5":2,"6":2,"7":2,"8":1,"9":1,"10":1,"11":1},"f":{"0":2},"b":{},"_coverageSchema":"1a1c01bbd47fc00a2c39e90264f33305004495a9","hash":"894db2de44f255557f866a644921a81198a433ac"}
,"D:\\Associate\\Capstone_Middleware\\TradeX-Middleware\\src\\controller\\PreferencesController.js": {"path":"D:\\Associate\\Capstone_Middleware\\TradeX-Middleware\\src\\controller\\PreferencesController.js","statementMap":{"0":{"start":{"line":2,"column":16},"end":{"line":2,"column":34}},"1":{"start":{"line":3,"column":15},"end":{"line":3,"column":31}},"2":{"start":{"line":4,"column":27},"end":{"line":4,"column":67}},"3":{"start":{"line":6,"column":0},"end":{"line":6,"column":44}},"4":{"start":{"line":9,"column":0},"end":{"line":18,"column":3}},"5":{"start":{"line":10,"column":4},"end":{"line":10,"column":71}},"6":{"start":{"line":11,"column":4},"end":{"line":17,"column":5}},"7":{"start":{"line":12,"column":25},"end":{"line":12,"column":96}},"8":{"start":{"line":13,"column":8},"end":{"line":13,"column":27}},"9":{"start":{"line":15,"column":8},"end":{"line":15,"column":56}},"10":{"start":{"line":16,"column":8},"end":{"line":16,"column":53}},"11":{"start":{"line":21,"column":0},"end":{"line":30,"column":3}},"12":{"start":{"line":22,"column":4},"end":{"line":22,"column":72}},"13":{"start":{"line":23,"column":4},"end":{"line":29,"column":5}},"14":{"start":{"line":24,"column":25},"end":{"line":24,"column":98}},"15":{"start":{"line":25,"column":8},"end":{"line":25,"column":27}},"16":{"start":{"line":27,"column":8},"end":{"line":27,"column":58}},"17":{"start":{"line":28,"column":8},"end":{"line":28,"column":53}},"18":{"start":{"line":33,"column":0},"end":{"line":42,"column":3}},"19":{"start":{"line":34,"column":4},"end":{"line":34,"column":55}},"20":{"start":{"line":35,"column":4},"end":{"line":41,"column":5}},"21":{"start":{"line":36,"column":22},"end":{"line":36,"column":82}},"22":{"start":{"line":37,"column":8},"end":{"line":37,"column":24}},"23":{"start":{"line":39,"column":8},"end":{"line":39,"column":51}},"24":{"start":{"line":40,"column":8},"end":{"line":40,"column":53}},"25":{"start":{"line":44,"column":0},"end":{"line":44,"column":24}}},"fnMap":{"0":{"name":"(anonymous_0)","decl":{"start":{"line":9,"column":31},"end":{"line":9,"column":32}},"loc":{"start":{"line":9,"column":51},"end":{"line":18,"column":1}},"line":9},"1":{"name":"(anonymous_1)","decl":{"start":{"line":21,"column":32},"end":{"line":21,"column":33}},"loc":{"start":{"line":21,"column":52},"end":{"line":30,"column":1}},"line":21},"2":{"name":"(anonymous_2)","decl":{"start":{"line":33,"column":25},"end":{"line":33,"column":26}},"loc":{"start":{"line":33,"column":45},"end":{"line":42,"column":1}},"line":33}},"branchMap":{},"s":{"0":1,"1":1,"2":1,"3":1,"4":1,"5":2,"6":2,"7":2,"8":1,"9":1,"10":1,"11":1,"12":2,"13":2,"14":2,"15":1,"16":1,"17":1,"18":1,"19":2,"20":2,"21":2,"22":1,"23":1,"24":1,"25":1},"f":{"0":2,"1":2,"2":2},"b":{},"_coverageSchema":"1a1c01bbd47fc00a2c39e90264f33305004495a9","hash":"08de5ca3c65eab892963c6d0a41ef52db2d830c1"}
,"D:\\Associate\\Capstone_Middleware\\TradeX-Middleware\\src\\controller\\ReportController.js": {"path":"D:\\Associate\\Capstone_Middleware\\TradeX-Middleware\\src\\controller\\ReportController.js","statementMap":{"0":{"start":{"line":2,"column":16},"end":{"line":2,"column":34}},"1":{"start":{"line":3,"column":15},"end":{"line":3,"column":31}},"2":{"start":{"line":4,"column":22},"end":{"line":4,"column":57}},"3":{"start":{"line":6,"column":0},"end":{"line":6,"column":39}},"4":{"start":{"line":9,"column":0},"end":{"line":18,"column":3}},"5":{"start":{"line":10,"column":4},"end":{"line":10,"column":65}},"6":{"start":{"line":11,"column":4},"end":{"line":17,"column":5}},"7":{"start":{"line":12,"column":23},"end":{"line":12,"column":82}},"8":{"start":{"line":13,"column":8},"end":{"line":13,"column":25}},"9":{"start":{"line":15,"column":8},"end":{"line":15,"column":61}},"10":{"start":{"line":16,"column":8},"end":{"line":16,"column":53}},"11":{"start":{"line":21,"column":0},"end":{"line":30,"column":3}},"12":{"start":{"line":22,"column":4},"end":{"line":22,"column":69}},"13":{"start":{"line":23,"column":4},"end":{"line":29,"column":5}},"14":{"start":{"line":24,"column":23},"end":{"line":24,"column":85}},"15":{"start":{"line":25,"column":8},"end":{"line":25,"column":25}},"16":{"start":{"line":27,"column":8},"end":{"line":27,"column":65}},"17":{"start":{"line":28,"column":8},"end":{"line":28,"column":53}},"18":{"start":{"line":32,"column":0},"end":{"line":32,"column":24}}},"fnMap":{"0":{"name":"(anonymous_0)","decl":{"start":{"line":9,"column":35},"end":{"line":9,"column":36}},"loc":{"start":{"line":9,"column":55},"end":{"line":18,"column":1}},"line":9},"1":{"name":"(anonymous_1)","decl":{"start":{"line":21,"column":39},"end":{"line":21,"column":40}},"loc":{"start":{"line":21,"column":59},"end":{"line":30,"column":1}},"line":21}},"branchMap":{},"s":{"0":1,"1":1,"2":1,"3":1,"4":1,"5":2,"6":2,"7":2,"8":1,"9":1,"10":1,"11":1,"12":2,"13":2,"14":2,"15":1,"16":1,"17":1,"18":1},"f":{"0":2,"1":2},"b":{},"_coverageSchema":"1a1c01bbd47fc00a2c39e90264f33305004495a9","hash":"1484f60b5ec6cb0fbf429e9dac37357035ebacd0"}
,"D:\\Associate\\Capstone_Middleware\\TradeX-Middleware\\src\\controller\\RoboAdvisorController.js": {"path":"D:\\Associate\\Capstone_Middleware\\TradeX-Middleware\\src\\controller\\RoboAdvisorController.js","statementMap":{"0":{"start":{"line":2,"column":16},"end":{"line":2,"column":34}},"1":{"start":{"line":3,"column":15},"end":{"line":3,"column":31}},"2":{"start":{"line":4,"column":27},"end":{"line":4,"column":67}},"3":{"start":{"line":6,"column":0},"end":{"line":6,"column":44}},"4":{"start":{"line":9,"column":0},"end":{"line":18,"column":3}},"5":{"start":{"line":10,"column":4},"end":{"line":10,"column":71}},"6":{"start":{"line":11,"column":4},"end":{"line":17,"column":5}},"7":{"start":{"line":12,"column":25},"end":{"line":12,"column":89}},"8":{"start":{"line":13,"column":8},"end":{"line":13,"column":27}},"9":{"start":{"line":15,"column":8},"end":{"line":15,"column":67}},"10":{"start":{"line":16,"column":8},"end":{"line":16,"column":53}},"11":{"start":{"line":21,"column":0},"end":{"line":30,"column":3}},"12":{"start":{"line":22,"column":4},"end":{"line":22,"column":74}},"13":{"start":{"line":23,"column":4},"end":{"line":29,"column":5}},"14":{"start":{"line":24,"column":25},"end":{"line":24,"column":91}},"15":{"start":{"line":25,"column":8},"end":{"line":25,"column":27}},"16":{"start":{"line":27,"column":8},"end":{"line":27,"column":70}},"17":{"start":{"line":28,"column":8},"end":{"line":28,"column":53}},"18":{"start":{"line":33,"column":0},"end":{"line":42,"column":3}},"19":{"start":{"line":34,"column":4},"end":{"line":34,"column":71}},"20":{"start":{"line":35,"column":4},"end":{"line":41,"column":5}},"21":{"start":{"line":36,"column":25},"end":{"line":36,"column":88}},"22":{"start":{"line":37,"column":8},"end":{"line":37,"column":27}},"23":{"start":{"line":39,"column":8},"end":{"line":39,"column":67}},"24":{"start":{"line":40,"column":8},"end":{"line":40,"column":53}},"25":{"start":{"line":44,"column":0},"end":{"line":44,"column":24}}},"fnMap":{"0":{"name":"(anonymous_0)","decl":{"start":{"line":9,"column":41},"end":{"line":9,"column":42}},"loc":{"start":{"line":9,"column":61},"end":{"line":18,"column":1}},"line":9},"1":{"name":"(anonymous_1)","decl":{"start":{"line":21,"column":44},"end":{"line":21,"column":45}},"loc":{"start":{"line":21,"column":64},"end":{"line":30,"column":1}},"line":21},"2":{"name":"(anonymous_2)","decl":{"start":{"line":33,"column":41},"end":{"line":33,"column":42}},"loc":{"start":{"line":33,"column":61},"end":{"line":42,"column":1}},"line":33}},"branchMap":{},"s":{"0":1,"1":1,"2":1,"3":1,"4":1,"5":2,"6":2,"7":2,"8":1,"9":1,"10":1,"11":1,"12":2,"13":2,"14":2,"15":1,"16":1,"17":1,"18":1,"19":2,"20":2,"21":2,"22":1,"23":1,"24":1,"25":1},"f":{"0":2,"1":2,"2":2},"b":{},"_coverageSchema":"1a1c01bbd47fc00a2c39e90264f33305004495a9","hash":"3f2bdb42d93fb363c1b3ddb4369be7ccaa3d9890"}
,"D:\\Associate\\Capstone_Middleware\\TradeX-Middleware\\src\\controller\\TradeController.js": {"path":"D:\\Associate\\Capstone_Middleware\\TradeX-Middleware\\src\\controller\\TradeController.js","statementMap":{"0":{"start":{"line":1,"column":16},"end":{"line":1,"column":34}},"1":{"start":{"line":2,"column":15},"end":{"line":2,"column":31}},"2":{"start":{"line":3,"column":21},"end":{"line":3,"column":55}},"3":{"start":{"line":5,"column":0},"end":{"line":5,"column":38}},"4":{"start":{"line":8,"column":0},"end":{"line":17,"column":3}},"5":{"start":{"line":9,"column":2},"end":{"line":16,"column":3}},"6":{"start":{"line":10,"column":4},"end":{"line":10,"column":52}},"7":{"start":{"line":11,"column":32},"end":{"line":11,"column":60}},"8":{"start":{"line":12,"column":21},"end":{"line":12,"column":83}},"9":{"start":{"line":13,"column":4},"end":{"line":13,"column":23}},"10":{"start":{"line":15,"column":4},"end":{"line":15,"column":49}},"11":{"start":{"line":20,"column":0},"end":{"line":27,"column":3}},"12":{"start":{"line":21,"column":2},"end":{"line":26,"column":3}},"13":{"start":{"line":22,"column":21},"end":{"line":22,"column":76}},"14":{"start":{"line":23,"column":4},"end":{"line":23,"column":23}},"15":{"start":{"line":25,"column":4},"end":{"line":25,"column":49}},"16":{"start":{"line":29,"column":0},"end":{"line":29,"column":24}}},"fnMap":{"0":{"name":"(anonymous_0)","decl":{"start":{"line":8,"column":24},"end":{"line":8,"column":25}},"loc":{"start":{"line":8,"column":44},"end":{"line":17,"column":1}},"line":8},"1":{"name":"(anonymous_1)","decl":{"start":{"line":20,"column":25},"end":{"line":20,"column":26}},"loc":{"start":{"line":20,"column":45},"end":{"line":27,"column":1}},"line":20}},"branchMap":{},"s":{"0":1,"1":1,"2":1,"3":1,"4":1,"5":2,"6":2,"7":2,"8":2,"9":1,"10":1,"11":1,"12":2,"13":2,"14":1,"15":1,"16":1},"f":{"0":2,"1":2},"b":{},"_coverageSchema":"1a1c01bbd47fc00a2c39e90264f33305004495a9","hash":"fb5ed7565f6e9ce60aa7207239e8cbc29771d483"}
,"D:\\Associate\\Capstone_Middleware\\TradeX-Middleware\\src\\controller\\WalletController.js": {"path":"D:\\Associate\\Capstone_Middleware\\TradeX-Middleware\\src\\controller\\WalletController.js","statementMap":{"0":{"start":{"line":1,"column":16},"end":{"line":1,"column":34}},"1":{"start":{"line":2,"column":15},"end":{"line":2,"column":31}},"2":{"start":{"line":3,"column":22},"end":{"line":3,"column":57}},"3":{"start":{"line":5,"column":0},"end":{"line":5,"column":39}},"4":{"start":{"line":8,"column":0},"end":{"line":20,"column":3}},"5":{"start":{"line":9,"column":2},"end":{"line":19,"column":3}},"6":{"start":{"line":10,"column":4},"end":{"line":10,"column":46}},"7":{"start":{"line":12,"column":4},"end":{"line":14,"column":5}},"8":{"start":{"line":13,"column":6},"end":{"line":13,"column":66}},"9":{"start":{"line":15,"column":21},"end":{"line":15,"column":58}},"10":{"start":{"line":16,"column":4},"end":{"line":16,"column":23}},"11":{"start":{"line":18,"column":4},"end":{"line":18,"column":49}},"12":{"start":{"line":24,"column":0},"end":{"line":31,"column":3}},"13":{"start":{"line":25,"column":2},"end":{"line":30,"column":3}},"14":{"start":{"line":26,"column":21},"end":{"line":26,"column":78}},"15":{"start":{"line":27,"column":4},"end":{"line":27,"column":23}},"16":{"start":{"line":29,"column":4},"end":{"line":29,"column":49}},"17":{"start":{"line":34,"column":0},"end":{"line":44,"column":3}},"18":{"start":{"line":35,"column":2},"end":{"line":43,"column":3}},"19":{"start":{"line":36,"column":4},"end":{"line":38,"column":5}},"20":{"start":{"line":37,"column":6},"end":{"line":37,"column":66}},"21":{"start":{"line":39,"column":21},"end":{"line":39,"column":59}},"22":{"start":{"line":40,"column":4},"end":{"line":40,"column":23}},"23":{"start":{"line":42,"column":4},"end":{"line":42,"column":49}},"24":{"start":{"line":46,"column":0},"end":{"line":46,"column":24}}},"fnMap":{"0":{"name":"(anonymous_0)","decl":{"start":{"line":8,"column":34},"end":{"line":8,"column":35}},"loc":{"start":{"line":8,"column":54},"end":{"line":20,"column":1}},"line":8},"1":{"name":"(anonymous_1)","decl":{"start":{"line":24,"column":25},"end":{"line":24,"column":26}},"loc":{"start":{"line":24,"column":45},"end":{"line":31,"column":1}},"line":24},"2":{"name":"(anonymous_2)","decl":{"start":{"line":34,"column":35},"end":{"line":34,"column":36}},"loc":{"start":{"line":34,"column":55},"end":{"line":44,"column":1}},"line":34}},"branchMap":{"0":{"loc":{"start":{"line":12,"column":4},"end":{"line":14,"column":5}},"type":"if","locations":[{"start":{"line":12,"column":4},"end":{"line":14,"column":5}},{"start":{},"end":{}}],"line":12},"1":{"loc":{"start":{"line":36,"column":4},"end":{"line":38,"column":5}},"type":"if","locations":[{"start":{"line":36,"column":4},"end":{"line":38,"column":5}},{"start":{},"end":{}}],"line":36}},"s":{"0":1,"1":1,"2":1,"3":1,"4":1,"5":3,"6":3,"7":3,"8":1,"9":2,"10":1,"11":1,"12":1,"13":2,"14":2,"15":1,"16":1,"17":1,"18":3,"19":3,"20":1,"21":2,"22":1,"23":1,"24":1},"f":{"0":3,"1":2,"2":3},"b":{"0":[1,2],"1":[1,2]},"_coverageSchema":"1a1c01bbd47fc00a2c39e90264f33305004495a9","hash":"d2dbf1c7a51f143a5f4653e442199b81632d27a3"}
,"D:\\Associate\\Capstone_Middleware\\TradeX-Middleware\\src\\service\\ClientService.js": {"path":"D:\\Associate\\Capstone_Middleware\\TradeX-Middleware\\src\\service\\ClientService.js","statementMap":{"0":{"start":{"line":1,"column":14},"end":{"line":1,"column":30}},"1":{"start":{"line":2,"column":20},"end":{"line":2,"column":50}},"2":{"start":{"line":4,"column":0},"end":{"line":7,"column":2}},"3":{"start":{"line":5,"column":19},"end":{"line":5,"column":67}},"4":{"start":{"line":6,"column":2},"end":{"line":6,"column":23}},"5":{"start":{"line":9,"column":0},"end":{"line":12,"column":2}},"6":{"start":{"line":10,"column":19},"end":{"line":10,"column":70}},"7":{"start":{"line":11,"column":2},"end":{"line":11,"column":23}},"8":{"start":{"line":14,"column":0},"end":{"line":17,"column":2}},"9":{"start":{"line":15,"column":19},"end":{"line":15,"column":64}},"10":{"start":{"line":16,"column":2},"end":{"line":16,"column":23}},"11":{"start":{"line":19,"column":0},"end":{"line":24,"column":2}},"12":{"start":{"line":20,"column":2},"end":{"line":20,"column":72}},"13":{"start":{"line":21,"column":19},"end":{"line":21,"column":87}},"14":{"start":{"line":22,"column":2},"end":{"line":22,"column":65}},"15":{"start":{"line":23,"column":2},"end":{"line":23,"column":23}}},"fnMap":{"0":{"name":"(anonymous_0)","decl":{"start":{"line":4,"column":16},"end":{"line":4,"column":17}},"loc":{"start":{"line":4,"column":34},"end":{"line":7,"column":1}},"line":4},"1":{"name":"(anonymous_1)","decl":{"start":{"line":9,"column":19},"end":{"line":9,"column":20}},"loc":{"start":{"line":9,"column":37},"end":{"line":12,"column":1}},"line":9},"2":{"name":"(anonymous_2)","decl":{"start":{"line":14,"column":24},"end":{"line":14,"column":25}},"loc":{"start":{"line":14,"column":44},"end":{"line":17,"column":1}},"line":14},"3":{"name":"(anonymous_3)","decl":{"start":{"line":19,"column":21},"end":{"line":19,"column":22}},"loc":{"start":{"line":19,"column":38},"end":{"line":24,"column":1}},"line":19}},"branchMap":{},"s":{"0":1,"1":1,"2":1,"3":1,"4":1,"5":1,"6":1,"7":1,"8":1,"9":1,"10":1,"11":1,"12":1,"13":1,"14":1,"15":1},"f":{"0":1,"1":1,"2":1,"3":1},"b":{},"_coverageSchema":"1a1c01bbd47fc00a2c39e90264f33305004495a9","hash":"df253b9d82fba4596f35c752d0696b96ec3c6c3d"}
,"D:\\Associate\\Capstone_Middleware\\TradeX-Middleware\\src\\service\\PortfolioService.js": {"path":"D:\\Associate\\Capstone_Middleware\\TradeX-Middleware\\src\\service\\PortfolioService.js","statementMap":{"0":{"start":{"line":2,"column":14},"end":{"line":2,"column":30}},"1":{"start":{"line":4,"column":20},"end":{"line":4,"column":53}},"2":{"start":{"line":6,"column":0},"end":{"line":13,"column":2}},"3":{"start":{"line":7,"column":4},"end":{"line":7,"column":70}},"4":{"start":{"line":9,"column":21},"end":{"line":9,"column":66}},"5":{"start":{"line":10,"column":4},"end":{"line":10,"column":66}},"6":{"start":{"line":12,"column":4},"end":{"line":12,"column":25}}},"fnMap":{"0":{"name":"(anonymous_0)","decl":{"start":{"line":6,"column":23},"end":{"line":6,"column":24}},"loc":{"start":{"line":6,"column":43},"end":{"line":13,"column":1}},"line":6}},"branchMap":{},"s":{"0":2,"1":2,"2":2,"3":2,"4":2,"5":1,"6":1},"f":{"0":2},"b":{},"_coverageSchema":"1a1c01bbd47fc00a2c39e90264f33305004495a9","hash":"90bc6cde8bafdf688e8593dbaf7ea3197d95e697"}
,"D:\\Associate\\Capstone_Middleware\\TradeX-Middleware\\src\\service\\PreferencesService.js": {"path":"D:\\Associate\\Capstone_Middleware\\TradeX-Middleware\\src\\service\\PreferencesService.js","statementMap":{"0":{"start":{"line":2,"column":14},"end":{"line":2,"column":30}},"1":{"start":{"line":4,"column":20},"end":{"line":4,"column":55}},"2":{"start":{"line":6,"column":0},"end":{"line":11,"column":2}},"3":{"start":{"line":7,"column":4},"end":{"line":7,"column":71}},"4":{"start":{"line":8,"column":21},"end":{"line":8,"column":89}},"5":{"start":{"line":9,"column":4},"end":{"line":9,"column":69}},"6":{"start":{"line":10,"column":4},"end":{"line":10,"column":25}},"7":{"start":{"line":13,"column":0},"end":{"line":18,"column":2}},"8":{"start":{"line":14,"column":4},"end":{"line":14,"column":73}},"9":{"start":{"line":15,"column":21},"end":{"line":15,"column":90}},"10":{"start":{"line":16,"column":4},"end":{"line":16,"column":71}},"11":{"start":{"line":17,"column":4},"end":{"line":17,"column":25}},"12":{"start":{"line":20,"column":0},"end":{"line":25,"column":2}},"13":{"start":{"line":21,"column":4},"end":{"line":21,"column":72}},"14":{"start":{"line":22,"column":21},"end":{"line":22,"column":66}},"15":{"start":{"line":23,"column":4},"end":{"line":23,"column":68}},"16":{"start":{"line":24,"column":4},"end":{"line":24,"column":25}}},"fnMap":{"0":{"name":"(anonymous_0)","decl":{"start":{"line":6,"column":26},"end":{"line":6,"column":27}},"loc":{"start":{"line":6,"column":63},"end":{"line":11,"column":1}},"line":6},"1":{"name":"(anonymous_1)","decl":{"start":{"line":13,"column":28},"end":{"line":13,"column":29}},"loc":{"start":{"line":13,"column":65},"end":{"line":18,"column":1}},"line":13},"2":{"name":"(anonymous_2)","decl":{"start":{"line":20,"column":25},"end":{"line":20,"column":26}},"loc":{"start":{"line":20,"column":45},"end":{"line":25,"column":1}},"line":20}},"branchMap":{},"s":{"0":2,"1":2,"2":2,"3":1,"4":1,"5":1,"6":1,"7":2,"8":1,"9":1,"10":1,"11":1,"12":2,"13":1,"14":1,"15":1,"16":1},"f":{"0":1,"1":1,"2":1},"b":{},"_coverageSchema":"1a1c01bbd47fc00a2c39e90264f33305004495a9","hash":"3f9c7a1eac2f7fefd51103e09784889a8be42358"}
,"D:\\Associate\\Capstone_Middleware\\TradeX-Middleware\\src\\service\\ReportService.js": {"path":"D:\\Associate\\Capstone_Middleware\\TradeX-Middleware\\src\\service\\ReportService.js","statementMap":{"0":{"start":{"line":2,"column":14},"end":{"line":2,"column":30}},"1":{"start":{"line":4,"column":20},"end":{"line":4,"column":51}},"2":{"start":{"line":7,"column":0},"end":{"line":12,"column":2}},"3":{"start":{"line":8,"column":4},"end":{"line":8,"column":77}},"4":{"start":{"line":9,"column":21},"end":{"line":9,"column":76}},"5":{"start":{"line":10,"column":4},"end":{"line":10,"column":70}},"6":{"start":{"line":11,"column":4},"end":{"line":11,"column":25}},"7":{"start":{"line":15,"column":0},"end":{"line":20,"column":2}},"8":{"start":{"line":16,"column":4},"end":{"line":16,"column":81}},"9":{"start":{"line":17,"column":21},"end":{"line":17,"column":80}},"10":{"start":{"line":18,"column":4},"end":{"line":18,"column":74}},"11":{"start":{"line":19,"column":4},"end":{"line":19,"column":25}}},"fnMap":{"0":{"name":"(anonymous_0)","decl":{"start":{"line":7,"column":29},"end":{"line":7,"column":30}},"loc":{"start":{"line":7,"column":49},"end":{"line":12,"column":1}},"line":7},"1":{"name":"(anonymous_1)","decl":{"start":{"line":15,"column":32},"end":{"line":15,"column":33}},"loc":{"start":{"line":15,"column":52},"end":{"line":20,"column":1}},"line":15}},"branchMap":{},"s":{"0":2,"1":2,"2":2,"3":2,"4":2,"5":1,"6":1,"7":2,"8":2,"9":2,"10":1,"11":1},"f":{"0":2,"1":2},"b":{},"_coverageSchema":"1a1c01bbd47fc00a2c39e90264f33305004495a9","hash":"3873a587b61128794c98abe6be06a1e44dc29cae"}
,"D:\\Associate\\Capstone_Middleware\\TradeX-Middleware\\src\\service\\RoboAdvisorService.js": {"path":"D:\\Associate\\Capstone_Middleware\\TradeX-Middleware\\src\\service\\RoboAdvisorService.js","statementMap":{"0":{"start":{"line":2,"column":14},"end":{"line":2,"column":30}},"1":{"start":{"line":4,"column":20},"end":{"line":4,"column":56}},"2":{"start":{"line":7,"column":0},"end":{"line":12,"column":2}},"3":{"start":{"line":8,"column":4},"end":{"line":8,"column":76}},"4":{"start":{"line":9,"column":21},"end":{"line":9,"column":82}},"5":{"start":{"line":10,"column":4},"end":{"line":10,"column":69}},"6":{"start":{"line":11,"column":4},"end":{"line":11,"column":25}},"7":{"start":{"line":15,"column":0},"end":{"line":20,"column":2}},"8":{"start":{"line":16,"column":4},"end":{"line":16,"column":79}},"9":{"start":{"line":17,"column":21},"end":{"line":17,"column":85}},"10":{"start":{"line":18,"column":4},"end":{"line":18,"column":72}},"11":{"start":{"line":19,"column":4},"end":{"line":19,"column":25}},"12":{"start":{"line":23,"column":0},"end":{"line":28,"column":2}},"13":{"start":{"line":24,"column":4},"end":{"line":24,"column":76}},"14":{"start":{"line":25,"column":21},"end":{"line":25,"column":82}},"15":{"start":{"line":26,"column":4},"end":{"line":26,"column":69}},"16":{"start":{"line":27,"column":4},"end":{"line":27,"column":25}}},"fnMap":{"0":{"name":"(anonymous_0)","decl":{"start":{"line":7,"column":29},"end":{"line":7,"column":30}},"loc":{"start":{"line":7,"column":49},"end":{"line":12,"column":1}},"line":7},"1":{"name":"(anonymous_1)","decl":{"start":{"line":15,"column":31},"end":{"line":15,"column":32}},"loc":{"start":{"line":15,"column":51},"end":{"line":20,"column":1}},"line":15},"2":{"name":"(anonymous_2)","decl":{"start":{"line":23,"column":28},"end":{"line":23,"column":29}},"loc":{"start":{"line":23,"column":48},"end":{"line":28,"column":1}},"line":23}},"branchMap":{},"s":{"0":2,"1":2,"2":2,"3":2,"4":2,"5":1,"6":1,"7":2,"8":2,"9":2,"10":1,"11":1,"12":2,"13":2,"14":2,"15":1,"16":1},"f":{"0":2,"1":2,"2":2},"b":{},"_coverageSchema":"1a1c01bbd47fc00a2c39e90264f33305004495a9","hash":"e7175e81d98149b4bd44689635c3f21878da1268"}
,"D:\\Associate\\Capstone_Middleware\\TradeX-Middleware\\src\\service\\TradeService.js": {"path":"D:\\Associate\\Capstone_Middleware\\TradeX-Middleware\\src\\service\\TradeService.js","statementMap":{"0":{"start":{"line":1,"column":14},"end":{"line":1,"column":30}},"1":{"start":{"line":2,"column":20},"end":{"line":2,"column":50}},"2":{"start":{"line":4,"column":0},"end":{"line":11,"column":2}},"3":{"start":{"line":5,"column":17},"end":{"line":5,"column":19}},"4":{"start":{"line":6,"column":2},"end":{"line":8,"column":3}},"5":{"start":{"line":7,"column":4},"end":{"line":7,"column":60}},"6":{"start":{"line":9,"column":19},"end":{"line":9,"column":83}},"7":{"start":{"line":10,"column":2},"end":{"line":10,"column":23}},"8":{"start":{"line":13,"column":0},"end":{"line":16,"column":2}},"9":{"start":{"line":14,"column":19},"end":{"line":14,"column":64}},"10":{"start":{"line":15,"column":2},"end":{"line":15,"column":23}}},"fnMap":{"0":{"name":"(anonymous_0)","decl":{"start":{"line":4,"column":23},"end":{"line":4,"column":24}},"loc":{"start":{"line":4,"column":68},"end":{"line":11,"column":1}},"line":4},"1":{"name":"(anonymous_1)","decl":{"start":{"line":13,"column":26},"end":{"line":13,"column":27}},"loc":{"start":{"line":13,"column":46},"end":{"line":16,"column":1}},"line":13}},"branchMap":{"0":{"loc":{"start":{"line":6,"column":2},"end":{"line":8,"column":3}},"type":"if","locations":[{"start":{"line":6,"column":2},"end":{"line":8,"column":3}},{"start":{},"end":{}}],"line":6}},"s":{"0":2,"1":2,"2":2,"3":3,"4":3,"5":2,"6":3,"7":2,"8":2,"9":2,"10":1},"f":{"0":3,"1":2},"b":{"0":[2,1]},"_coverageSchema":"1a1c01bbd47fc00a2c39e90264f33305004495a9","hash":"f71259bfb59e18e1d8037e9ddecb90116a6bb711"}
,"D:\\Associate\\Capstone_Middleware\\TradeX-Middleware\\src\\service\\WalletService.js": {"path":"D:\\Associate\\Capstone_Middleware\\TradeX-Middleware\\src\\service\\WalletService.js","statementMap":{"0":{"start":{"line":1,"column":14},"end":{"line":1,"column":30}},"1":{"start":{"line":2,"column":20},"end":{"line":2,"column":50}},"2":{"start":{"line":4,"column":0},"end":{"line":7,"column":2}},"3":{"start":{"line":5,"column":19},"end":{"line":5,"column":64}},"4":{"start":{"line":6,"column":2},"end":{"line":6,"column":23}},"5":{"start":{"line":9,"column":0},"end":{"line":12,"column":2}},"6":{"start":{"line":10,"column":19},"end":{"line":10,"column":102}},"7":{"start":{"line":11,"column":2},"end":{"line":11,"column":23}},"8":{"start":{"line":14,"column":0},"end":{"line":17,"column":2}},"9":{"start":{"line":15,"column":19},"end":{"line":15,"column":103}},"10":{"start":{"line":16,"column":2},"end":{"line":16,"column":23}}},"fnMap":{"0":{"name":"(anonymous_0)","decl":{"start":{"line":4,"column":27},"end":{"line":4,"column":28}},"loc":{"start":{"line":4,"column":47},"end":{"line":7,"column":1}},"line":4},"1":{"name":"(anonymous_1)","decl":{"start":{"line":9,"column":18},"end":{"line":9,"column":19}},"loc":{"start":{"line":9,"column":43},"end":{"line":12,"column":1}},"line":9},"2":{"name":"(anonymous_2)","decl":{"start":{"line":14,"column":19},"end":{"line":14,"column":20}},"loc":{"start":{"line":14,"column":44},"end":{"line":17,"column":1}},"line":14}},"branchMap":{},"s":{"0":2,"1":2,"2":2,"3":2,"4":1,"5":2,"6":2,"7":1,"8":2,"9":2,"10":1},"f":{"0":2,"1":2,"2":2},"b":{},"_coverageSchema":"1a1c01bbd47fc00a2c39e90264f33305004495a9","hash":"d03c75481cc956cc20cc8571b839697273742a0d"}
}
