TN:
SF:src\controller\ClientController.js
FN:10,(anonymous_0)
FN:30,(anonymous_1)
FN:40,(anonymous_2)
FN:53,(anonymous_3)
FNF:4
FNH:4
FNDA:2,(anonymous_0)
FNDA:1,(anonymous_1)
FNDA:1,(anonymous_2)
FNDA:2,(anonymous_3)
DA:1,1
DA:5,1
DA:6,1
DA:7,1
DA:10,1
DA:11,2
DA:12,2
DA:13,2
DA:15,2
DA:16,1
DA:19,1
DA:20,1
DA:21,1
DA:22,1
DA:24,0
DA:25,0
DA:30,1
DA:31,1
DA:32,1
DA:33,1
DA:35,0
DA:40,1
DA:41,1
DA:42,1
DA:43,1
DA:45,0
DA:50,1
DA:53,1
DA:54,2
DA:55,2
DA:56,2
DA:57,1
DA:60,1
DA:61,1
DA:63,0
LF:35
LH:30
BRDA:15,0,0,1
BRDA:15,0,1,1
BRDA:56,1,0,1
BRDA:56,1,1,1
BRF:4
BRH:4
end_of_record
TN:
SF:src\controller\PortfolioController.js
FN:9,(anonymous_0)
FNF:1
FNH:1
FNDA:2,(anonymous_0)
DA:2,1
DA:3,1
DA:4,1
DA:6,1
DA:9,1
DA:10,2
DA:12,2
DA:13,2
DA:14,1
DA:16,1
DA:17,1
DA:21,1
LF:12
LH:12
BRF:0
BRH:0
end_of_record
TN:
SF:src\controller\PreferencesController.js
FN:9,(anonymous_0)
FN:21,(anonymous_1)
FN:33,(anonymous_2)
FNF:3
FNH:3
FNDA:2,(anonymous_0)
FNDA:2,(anonymous_1)
FNDA:2,(anonymous_2)
DA:2,1
DA:3,1
DA:4,1
DA:6,1
DA:9,1
DA:10,2
DA:11,2
DA:12,2
DA:13,1
DA:15,1
DA:16,1
DA:21,1
DA:22,2
DA:23,2
DA:24,2
DA:25,1
DA:27,1
DA:28,1
DA:33,1
DA:34,2
DA:35,2
DA:36,2
DA:37,1
DA:39,1
DA:40,1
DA:44,1
LF:26
LH:26
BRF:0
BRH:0
end_of_record
TN:
SF:src\controller\ReportController.js
FN:9,(anonymous_0)
FN:21,(anonymous_1)
FNF:2
FNH:2
FNDA:2,(anonymous_0)
FNDA:2,(anonymous_1)
DA:2,1
DA:3,1
DA:4,1
DA:6,1
DA:9,1
DA:10,2
DA:11,2
DA:12,2
DA:13,1
DA:15,1
DA:16,1
DA:21,1
DA:22,2
DA:23,2
DA:24,2
DA:25,1
DA:27,1
DA:28,1
DA:32,1
LF:19
LH:19
BRF:0
BRH:0
end_of_record
TN:
SF:src\controller\RoboAdvisorController.js
FN:9,(anonymous_0)
FN:21,(anonymous_1)
FN:33,(anonymous_2)
FNF:3
FNH:3
FNDA:2,(anonymous_0)
FNDA:2,(anonymous_1)
FNDA:2,(anonymous_2)
DA:2,1
DA:3,1
DA:4,1
DA:6,1
DA:9,1
DA:10,2
DA:11,2
DA:12,2
DA:13,1
DA:15,1
DA:16,1
DA:21,1
DA:22,2
DA:23,2
DA:24,2
DA:25,1
DA:27,1
DA:28,1
DA:33,1
DA:34,2
DA:35,2
DA:36,2
DA:37,1
DA:39,1
DA:40,1
DA:44,1
LF:26
LH:26
BRF:0
BRH:0
end_of_record
TN:
SF:src\controller\TradeController.js
FN:8,(anonymous_0)
FN:20,(anonymous_1)
FNF:2
FNH:2
FNDA:2,(anonymous_0)
FNDA:2,(anonymous_1)
DA:1,1
DA:2,1
DA:3,1
DA:5,1
DA:8,1
DA:9,2
DA:10,2
DA:11,2
DA:12,2
DA:13,1
DA:15,1
DA:20,1
DA:21,2
DA:22,2
DA:23,1
DA:25,1
DA:29,1
LF:17
LH:17
BRF:0
BRH:0
end_of_record
TN:
SF:src\controller\WalletController.js
FN:8,(anonymous_0)
FN:24,(anonymous_1)
FN:34,(anonymous_2)
FNF:3
FNH:3
FNDA:3,(anonymous_0)
FNDA:2,(anonymous_1)
FNDA:3,(anonymous_2)
DA:1,1
DA:2,1
DA:3,1
DA:5,1
DA:8,1
DA:9,3
DA:10,3
DA:12,3
DA:13,1
DA:15,2
DA:16,1
DA:18,1
DA:24,1
DA:25,2
DA:26,2
DA:27,1
DA:29,1
DA:34,1
DA:35,3
DA:36,3
DA:37,1
DA:39,2
DA:40,1
DA:42,1
DA:46,1
LF:25
LH:25
BRDA:12,0,0,1
BRDA:12,0,1,2
BRDA:36,1,0,1
BRDA:36,1,1,2
BRF:4
BRH:4
end_of_record
TN:
SF:src\service\ClientService.js
FN:4,(anonymous_0)
FN:9,(anonymous_1)
FN:14,(anonymous_2)
FN:19,(anonymous_3)
FNF:4
FNH:4
FNDA:1,(anonymous_0)
FNDA:1,(anonymous_1)
FNDA:1,(anonymous_2)
FNDA:1,(anonymous_3)
DA:1,1
DA:2,1
DA:4,1
DA:5,1
DA:6,1
DA:9,1
DA:10,1
DA:11,1
DA:14,1
DA:15,1
DA:16,1
DA:19,1
DA:20,1
DA:21,1
DA:22,1
DA:23,1
LF:16
LH:16
BRF:0
BRH:0
end_of_record
TN:
SF:src\service\PortfolioService.js
FN:6,(anonymous_0)
FNF:1
FNH:1
FNDA:2,(anonymous_0)
DA:2,2
DA:4,2
DA:6,2
DA:7,2
DA:9,2
DA:10,1
DA:12,1
LF:7
LH:7
BRF:0
BRH:0
end_of_record
TN:
SF:src\service\PreferencesService.js
FN:6,(anonymous_0)
FN:13,(anonymous_1)
FN:20,(anonymous_2)
FNF:3
FNH:3
FNDA:1,(anonymous_0)
FNDA:1,(anonymous_1)
FNDA:1,(anonymous_2)
DA:2,2
DA:4,2
DA:6,2
DA:7,1
DA:8,1
DA:9,1
DA:10,1
DA:13,2
DA:14,1
DA:15,1
DA:16,1
DA:17,1
DA:20,2
DA:21,1
DA:22,1
DA:23,1
DA:24,1
LF:17
LH:17
BRF:0
BRH:0
end_of_record
TN:
SF:src\service\ReportService.js
FN:7,(anonymous_0)
FN:15,(anonymous_1)
FNF:2
FNH:2
FNDA:2,(anonymous_0)
FNDA:2,(anonymous_1)
DA:2,2
DA:4,2
DA:7,2
DA:8,2
DA:9,2
DA:10,1
DA:11,1
DA:15,2
DA:16,2
DA:17,2
DA:18,1
DA:19,1
LF:12
LH:12
BRF:0
BRH:0
end_of_record
TN:
SF:src\service\RoboAdvisorService.js
FN:7,(anonymous_0)
FN:15,(anonymous_1)
FN:23,(anonymous_2)
FNF:3
FNH:3
FNDA:2,(anonymous_0)
FNDA:2,(anonymous_1)
FNDA:2,(anonymous_2)
DA:2,2
DA:4,2
DA:7,2
DA:8,2
DA:9,2
DA:10,1
DA:11,1
DA:15,2
DA:16,2
DA:17,2
DA:18,1
DA:19,1
DA:23,2
DA:24,2
DA:25,2
DA:26,1
DA:27,1
LF:17
LH:17
BRF:0
BRH:0
end_of_record
TN:
SF:src\service\TradeService.js
FN:4,(anonymous_0)
FN:13,(anonymous_1)
FNF:2
FNH:2
FNDA:3,(anonymous_0)
FNDA:2,(anonymous_1)
DA:1,2
DA:2,2
DA:4,2
DA:5,3
DA:6,3
DA:7,2
DA:9,3
DA:10,2
DA:13,2
DA:14,2
DA:15,1
LF:11
LH:11
BRDA:6,0,0,2
BRDA:6,0,1,1
BRF:2
BRH:2
end_of_record
TN:
SF:src\service\WalletService.js
FN:4,(anonymous_0)
FN:9,(anonymous_1)
FN:14,(anonymous_2)
FNF:3
FNH:3
FNDA:2,(anonymous_0)
FNDA:2,(anonymous_1)
FNDA:2,(anonymous_2)
DA:1,2
DA:2,2
DA:4,2
DA:5,2
DA:6,1
DA:9,2
DA:10,2
DA:11,1
DA:14,2
DA:15,2
DA:16,1
LF:11
LH:11
BRF:0
BRH:0
end_of_record
